2026-05-26 09:33:34,854 - INFO - ETL STARTED
2026-05-26 09:33:35,472 - INFO - SUCCESS GET DATA : Jakarta
2026-05-26 09:33:35,910 - INFO - SUCCESS GET DATA : Bandung
2026-05-26 09:33:36,318 - INFO - SUCCESS GET DATA : Surabaya
2026-05-26 09:33:37,323 - INFO - SUCCESS GET DATA : Semarang
2026-05-26 09:33:37,949 - INFO - SUCCESS GET DATA : Yogyakarta
2026-05-26 09:33:38,432 - INFO - SUCCESS GET DATA : Medan
2026-05-26 09:33:38,870 - INFO - SUCCESS GET DATA : Makassar
2026-05-26 09:33:39,319 - INFO - SUCCESS GET DATA : Denpasar
2026-05-26 09:33:39,730 - INFO - SUCCESS GET DATA : Bogor
2026-05-26 09:33:39,758 - INFO - ETL FINISHED
2026-05-26 11:02:30,467 - INFO - ETL STARTED
2026-05-26 11:02:32,270 - INFO - SUCCESS GET DATA : Jakarta
2026-05-26 11:02:32,657 - INFO - SUCCESS GET DATA : Bandung
2026-05-26 11:02:33,116 - INFO - SUCCESS GET DATA : Surabaya
2026-05-26 11:02:33,700 - INFO - SUCCESS GET DATA : Semarang
2026-05-26 11:02:34,128 - INFO - SUCCESS GET DATA : Yogyakarta
2026-05-26 11:02:34,547 - INFO - SUCCESS GET DATA : Medan
2026-05-26 11:02:34,937 - INFO - SUCCESS GET DATA : Makassar
2026-05-26 11:02:35,330 - INFO - SUCCESS GET DATA : Denpasar
2026-05-26 11:02:35,727 - INFO - SUCCESS GET DATA : Bogor
2026-05-26 11:02:35,773 - INFO - ETL FINISHED
2026-05-26 11:17:26,747 - INFO - ETL STARTED
2026-05-26 11:17:27,177 - ERROR - FAILED GET DATA : Jakarta
2026-05-26 11:17:27,604 - ERROR - FAILED GET DATA : Bandung
2026-05-26 11:17:28,034 - ERROR - FAILED GET DATA : Surabaya
2026-05-26 11:17:28,423 - ERROR - FAILED GET DATA : Semarang
2026-05-26 11:17:28,801 - ERROR - FAILED GET DATA : Yogyakarta
2026-05-26 11:17:29,166 - ERROR - FAILED GET DATA : Medan
2026-05-26 11:17:29,534 - ERROR - FAILED GET DATA : Makassar
2026-05-26 11:17:29,903 - ERROR - FAILED GET DATA : Denpasar
2026-05-26 11:17:30,273 - ERROR - FAILED GET DATA : Bogor
2026-05-26 11:17:48,002 - INFO - ETL STARTED
2026-05-26 11:17:48,389 - INFO - SUCCESS GET DATA : Jakarta
2026-05-26 11:17:48,770 - INFO - SUCCESS GET DATA : Bandung
2026-05-26 11:17:49,156 - INFO - SUCCESS GET DATA : Surabaya
2026-05-26 11:17:49,530 - INFO - SUCCESS GET DATA : Semarang
2026-05-26 11:17:49,906 - INFO - SUCCESS GET DATA : Yogyakarta
2026-05-26 11:17:50,283 - INFO - SUCCESS GET DATA : Medan
2026-05-26 11:17:50,661 - INFO - SUCCESS GET DATA : Makassar
2026-05-26 11:17:51,030 - INFO - SUCCESS GET DATA : Denpasar
2026-05-26 11:17:51,563 - INFO - SUCCESS GET DATA : Bogor
2026-05-26 11:17:51,583 - INFO - ETL FINISHED
2026-05-26 11:19:05,098 - INFO - ETL STARTED
2026-05-26 11:19:05,482 - ERROR - FAILED GET DATA : Jakarta
2026-05-26 11:19:05,862 - ERROR - FAILED GET DATA : Bandung
2026-05-26 11:19:06,233 - ERROR - FAILED GET DATA : Surabaya
2026-05-26 11:19:06,658 - ERROR - FAILED GET DATA : Semarang
2026-05-26 11:19:07,073 - ERROR - FAILED GET DATA : Yogyakarta
2026-05-26 11:19:07,502 - ERROR - FAILED GET DATA : Medan
2026-05-26 11:19:07,897 - ERROR - FAILED GET DATA : Makassar
2026-05-26 11:19:08,373 - ERROR - FAILED GET DATA : Denpasar
2026-05-26 11:19:08,764 - ERROR - FAILED GET DATA : Bogor
2026-05-26 13:19:01,221 - INFO - ETL STARTED
2026-05-26 13:19:01,644 - ERROR - FAILED GET DATA : Jakarta
2026-05-26 13:19:02,122 - ERROR - FAILED GET DATA : Bandung
2026-05-26 13:19:02,557 - ERROR - FAILED GET DATA : Surabaya
2026-05-26 13:19:03,249 - ERROR - FAILED GET DATA : Semarang
2026-05-26 13:19:03,753 - ERROR - FAILED GET DATA : Yogyakarta
2026-05-26 13:19:04,201 - ERROR - FAILED GET DATA : Medan
2026-05-26 13:19:04,622 - ERROR - FAILED GET DATA : Makassar
2026-05-26 13:19:05,042 - ERROR - FAILED GET DATA : Denpasar
2026-05-26 13:19:05,513 - ERROR - FAILED GET DATA : Bogor
2026-05-26 13:19:35,976 - INFO - ETL STARTED
2026-05-26 13:19:36,532 - INFO - SUCCESS GET DATA : Jakarta
2026-05-26 13:19:37,144 - INFO - SUCCESS GET DATA : Bandung
2026-05-26 13:19:37,561 - INFO - SUCCESS GET DATA : Surabaya
2026-05-26 13:19:37,983 - INFO - SUCCESS GET DATA : Semarang
2026-05-26 13:19:38,460 - INFO - SUCCESS GET DATA : Yogyakarta
2026-05-26 13:19:38,888 - INFO - SUCCESS GET DATA : Medan
2026-05-26 13:19:39,273 - INFO - SUCCESS GET DATA : Makassar
2026-05-26 13:19:39,658 - INFO - SUCCESS GET DATA : Denpasar
2026-05-26 13:19:40,055 - INFO - SUCCESS GET DATA : Bogor
2026-05-26 13:19:40,077 - INFO - ETL FINISHED
2026-05-26 13:20:20,801 - INFO - ETL STARTED
2026-05-26 13:20:21,396 - ERROR - FAILED GET DATA : Jakarta
2026-05-26 13:20:22,062 - ERROR - FAILED GET DATA : Bandung
2026-05-26 13:20:22,541 - ERROR - FAILED GET DATA : Surabaya
2026-05-26 13:20:23,869 - ERROR - FAILED GET DATA : Semarang
2026-05-26 13:20:24,324 - ERROR - FAILED GET DATA : Yogyakarta
2026-05-26 13:20:25,276 - ERROR - FAILED GET DATA : Medan
2026-05-26 13:20:25,792 - ERROR - FAILED GET DATA : Makassar
2026-05-26 13:20:26,270 - ERROR - FAILED GET DATA : Denpasar
2026-05-26 13:20:26,682 - ERROR - FAILED GET DATA : Bogor
2026-05-26 13:25:39,775 - INFO - ETL STARTED
2026-05-26 13:25:40,507 - ERROR - FAILED GET DATA : Jakarta
2026-05-26 13:25:41,324 - ERROR - FAILED GET DATA : Bandung
2026-05-26 13:25:42,253 - ERROR - FAILED GET DATA : Surabaya
2026-05-26 13:25:43,072 - ERROR - FAILED GET DATA : Semarang
2026-05-26 13:25:43,789 - ERROR - FAILED GET DATA : Yogyakarta
2026-05-26 13:25:44,585 - ERROR - FAILED GET DATA : Medan
2026-05-26 13:25:45,397 - ERROR - FAILED GET DATA : Makassar
2026-05-26 13:25:46,220 - ERROR - FAILED GET DATA : Denpasar
2026-05-26 13:25:46,943 - ERROR - FAILED GET DATA : Bogor
2026-05-26 13:27:22,172 - INFO - ETL STARTED
2026-05-26 13:27:22,915 - INFO - SUCCESS GET DATA : Jakarta
2026-05-26 13:27:23,647 - INFO - SUCCESS GET DATA : Bandung
2026-05-26 13:27:24,372 - INFO - SUCCESS GET DATA : Surabaya
2026-05-26 13:27:25,142 - INFO - SUCCESS GET DATA : Semarang
2026-05-26 13:27:25,902 - INFO - SUCCESS GET DATA : Yogyakarta
2026-05-26 13:27:26,707 - INFO - SUCCESS GET DATA : Medan
2026-05-26 13:27:27,500 - INFO - SUCCESS GET DATA : Makassar
2026-05-26 13:27:28,224 - INFO - SUCCESS GET DATA : Denpasar
2026-05-26 13:27:28,957 - INFO - SUCCESS GET DATA : Bogor
2026-05-26 13:27:28,984 - INFO - ETL FINISHED
2026-05-26 13:39:55,922 - INFO - ETL STARTED
2026-05-26 13:39:57,831 - INFO - SUCCESS GET DATA : Jakarta
2026-05-26 13:39:58,561 - INFO - SUCCESS GET DATA : Bandung
2026-05-26 13:39:59,309 - INFO - SUCCESS GET DATA : Surabaya
2026-05-26 13:40:00,039 - INFO - SUCCESS GET DATA : Semarang
2026-05-26 13:40:00,787 - INFO - SUCCESS GET DATA : Yogyakarta
2026-05-26 13:40:01,512 - INFO - SUCCESS GET DATA : Medan
2026-05-26 13:40:02,239 - INFO - SUCCESS GET DATA : Makassar
2026-05-26 13:40:02,976 - INFO - SUCCESS GET DATA : Denpasar
2026-05-26 13:40:03,809 - INFO - SUCCESS GET DATA : Bogor
2026-05-26 13:40:03,843 - INFO - ETL FINISHED
2026-05-26 13:40:18,103 - INFO - ETL STARTED
2026-05-26 13:40:18,839 - INFO - SUCCESS GET DATA : Jakarta
2026-05-26 13:40:19,622 - INFO - SUCCESS GET DATA : Bandung
2026-05-26 13:40:20,648 - INFO - SUCCESS GET DATA : Surabaya
2026-05-26 13:40:21,470 - INFO - SUCCESS GET DATA : Semarang
2026-05-26 13:40:22,217 - INFO - SUCCESS GET DATA : Yogyakarta
2026-05-26 13:40:22,931 - INFO - SUCCESS GET DATA : Medan
2026-05-26 13:40:23,840 - INFO - SUCCESS GET DATA : Makassar
2026-05-26 13:40:24,659 - INFO - SUCCESS GET DATA : Denpasar
2026-05-26 13:40:25,589 - INFO - SUCCESS GET DATA : Bogor
2026-05-26 13:40:25,623 - INFO - ETL FINISHED
